17/Jun/2017 05:52:00 2750 info: Hello World
17/Jun/2017 05:52:14 2490 info: Acme Bank System...
17/Jun/2017 06:01:04 2078 info: Acme Bank System...
17/Jun/2017 06:02:03 9993 info: Acme Bank System...
17/Jun/2017 06:09:43 3006 info: Acme Bank System...
17/Jun/2017 06:11:31 8035 info: Acme Bank System...
17/Jun/2017 06:11:31 9629 info: Acme Bank System...
17/Jun/2017 06:11:41 3309 info: Acme Bank System...
17/Jun/2017 06:13:23 7779 info: Acme Bank System...
17/Jun/2017 06:13:40 6042 info: Acme Bank System...
17/Jun/2017 06:13:52 3964 info: Acme Bank System...
17/Jun/2017 06:16:11 6128 info: Acme Bank System...
17/Jun/2017 06:16:21 2788 info: Acme Bank System...
17/Jun/2017 06:16:35 0789 info: Acme Bank System...
17/Jun/2017 06:16:43 5081 info: Acme Bank System...
17/Jun/2017 06:17:56 4112 info: Acme Bank System...
17/Jun/2017 06:19:55 6717 info: Acme Bank System...
17/Jun/2017 06:26:01 6158 info: Acme Bank System...
17/Jun/2017 06:35:13 4300 info: Acme Bank System...
17/Jun/2017 06:36:43 3230 info: Acme Bank System...
17/Jun/2017 06:42:21 7908 info: Acme Bank System...
17/Jun/2017 06:42:37 0817 info: Acme Bank System...
17/Jun/2017 06:52:11 4202 info: Acme Bank System...
17/Jun/2017 06:52:38 1137 info: Acme Bank System...
17/Jun/2017 06:52:58 0961 info: Acme Bank System...
17/Jun/2017 06:53:28 4829 info: Acme Bank System...
17/Jun/2017 06:55:46 0254 info: Acme Bank System...
17/Jun/2017 07:02:13 1151 info: 0 savings account created with R1000.00 initial deposit...
17/Jun/2017 07:02:13 2551 info: 1 savings account created with R1000.00 initial deposit...
17/Jun/2017 07:02:13 2560 info: 2 savings account created with R1000.00 initial deposit...
17/Jun/2017 07:02:13 2562 info: 3 savings account created with R1000.00 initial deposit...
17/Jun/2017 07:02:13 2563 info: 4 savings account created with R1000.00 initial deposit...
17/Jun/2017 07:02:13 2564 info: 5 savings account created with R1000.00 initial deposit...
17/Jun/2017 07:02:13 2565 info: 6 savings account created with R1000.00 initial deposit...
17/Jun/2017 07:02:13 2566 info: 7 savings account created with R1000.00 initial deposit...
17/Jun/2017 07:02:13 2567 info: 8 savings account created with R1000.00 initial deposit...
17/Jun/2017 07:02:13 2568 info: 9 savings account created with R1000.00 initial deposit...
17/Jun/2017 07:02:13 2570 info: 10 savings account created with R1000.00 initial deposit...
17/Jun/2017 07:02:13 2570 info: 11 savings account created with R1000.00 initial deposit...
17/Jun/2017 07:02:13 2572 info: 12 savings account created with R1000.00 initial deposit...
17/Jun/2017 07:02:13 2573 info: 13 savings account created with R1000.00 initial deposit...
17/Jun/2017 07:02:13 2574 info: 14 savings account created with R1000.00 initial deposit...
17/Jun/2017 07:02:13 2575 info: 15 savings account created with R1000.00 initial deposit...
17/Jun/2017 07:02:13 2576 info: 16 savings account created with R1000.00 initial deposit...
17/Jun/2017 07:02:13 2577 info: 17 savings account created with R1000.00 initial deposit...
17/Jun/2017 07:02:13 2578 info: 18 savings account created with R1000.00 initial deposit...
17/Jun/2017 07:02:13 2579 info: 19 savings account created with R1000.00 initial deposit...
17/Jun/2017 07:02:56 3585 info: 0 savings account created with R1000.00 initial deposit...
17/Jun/2017 07:02:56 4723 info: 1 savings account created with R1000.00 initial deposit...
17/Jun/2017 07:02:56 4732 info: 2 savings account created with R1000.00 initial deposit...
17/Jun/2017 07:02:56 4733 info: 3 savings account created with R1000.00 initial deposit...
17/Jun/2017 07:02:56 4736 info: 4 savings account created with R1000.00 initial deposit...
17/Jun/2017 07:02:56 4739 info: 5 savings account created with R1000.00 initial deposit...
17/Jun/2017 07:02:56 4741 info: 6 savings account created with R1000.00 initial deposit...
17/Jun/2017 07:02:56 4742 info: 7 savings account created with R1000.00 initial deposit...
17/Jun/2017 07:02:56 4743 info: 8 savings account created with R1000.00 initial deposit...
17/Jun/2017 07:02:56 4748 info: 9 savings account created with R1000.00 initial deposit...
17/Jun/2017 07:02:56 4753 info: 10 savings account created with R1000.00 initial deposit...
17/Jun/2017 07:02:56 4755 info: 11 savings account created with R1000.00 initial deposit...
17/Jun/2017 07:02:56 4757 info: 12 savings account created with R1000.00 initial deposit...
17/Jun/2017 07:02:56 4759 info: 13 savings account created with R1000.00 initial deposit...
17/Jun/2017 07:02:56 4761 info: 14 savings account created with R1000.00 initial deposit...
17/Jun/2017 07:02:56 4762 info: 15 savings account created with R1000.00 initial deposit...
17/Jun/2017 07:02:56 4765 info: 16 savings account created with R1000.00 initial deposit...
17/Jun/2017 07:02:56 4767 info: 17 savings account created with R1000.00 initial deposit...
17/Jun/2017 07:02:56 4769 info: 18 savings account created with R1000.00 initial deposit...
17/Jun/2017 07:02:56 4771 info: 19 savings account created with R1000.00 initial deposit...
17/Jun/2017 07:02:56 4802 info: savings depositing: 22
17/Jun/2017 07:03:21 1384 info: 0 savings account created with R1000.00 initial deposit...
17/Jun/2017 07:03:21 2529 info: 1 savings account created with R1000.00 initial deposit...
17/Jun/2017 07:03:21 2535 info: 2 savings account created with R1000.00 initial deposit...
17/Jun/2017 07:03:21 2537 info: 3 savings account created with R1000.00 initial deposit...
17/Jun/2017 07:03:21 2538 info: 4 savings account created with R1000.00 initial deposit...
17/Jun/2017 07:03:21 2540 info: 5 savings account created with R1000.00 initial deposit...
17/Jun/2017 07:03:21 2541 info: 6 savings account created with R1000.00 initial deposit...
17/Jun/2017 07:03:21 2542 info: 7 savings account created with R1000.00 initial deposit...
17/Jun/2017 07:03:21 2543 info: 8 savings account created with R1000.00 initial deposit...
17/Jun/2017 07:03:21 2544 info: 9 savings account created with R1000.00 initial deposit...
17/Jun/2017 07:03:21 2545 info: 10 savings account created with R1000.00 initial deposit...
17/Jun/2017 07:03:21 2546 info: 11 savings account created with R1000.00 initial deposit...
17/Jun/2017 07:03:21 2546 info: 12 savings account created with R1000.00 initial deposit...
17/Jun/2017 07:03:21 2547 info: 13 savings account created with R1000.00 initial deposit...
17/Jun/2017 07:03:21 2548 info: 14 savings account created with R1000.00 initial deposit...
17/Jun/2017 07:03:21 2549 info: 15 savings account created with R1000.00 initial deposit...
17/Jun/2017 07:03:21 2550 info: 16 savings account created with R1000.00 initial deposit...
17/Jun/2017 07:03:21 2551 info: 17 savings account created with R1000.00 initial deposit...
17/Jun/2017 07:03:21 2551 info: 18 savings account created with R1000.00 initial deposit...
17/Jun/2017 07:03:21 2552 info: 19 savings account created with R1000.00 initial deposit...
17/Jun/2017 07:03:21 2572 info: savings depositing: 22
17/Jun/2017 07:03:21 2577 info: base account amount = 1022
17/Jun/2017 07:03:32 7433 info: savings depositing: 22
17/Jun/2017 07:03:32 7475 info: base account amount = 1022
17/Jun/2017 07:05:39 5079 info: savings depositing: 22
17/Jun/2017 07:05:39 5122 info: base account amount = 1022
17/Jun/2017 07:06:10 9827 info: savings depositing: 22
17/Jun/2017 07:06:10 9889 info: base account amount = 1022
17/Jun/2017 07:08:17 7965 info: savings depositing: 22
17/Jun/2017 07:08:17 8019 info: Base Account - 1 deposited R22. Total = R1022
17/Jun/2017 07:09:56 3917 info: Savings Account - 1 depositing R22
17/Jun/2017 07:09:56 3958 info: Base Account - 1 deposited R22. Total = R1022
17/Jun/2017 07:10:18 7831 info: Savings Account - ID 1 depositing R22
17/Jun/2017 07:10:18 7871 info: Base Account - 1 deposited R22. Total = R1022
17/Jun/2017 07:11:37 1223 info: Savings Account - ID 1 depositing R22
17/Jun/2017 07:11:37 1249 info: Base Account - ID 1 deposited R22. Total = R1022
17/Jun/2017 07:16:12 6153 info: Savings Account - ID 1 depositing R22
17/Jun/2017 07:16:12 6197 info: Base Account - ID 1 deposited R22. Total = R1022
17/Jun/2017 07:16:33 3060 info: Savings Account - ID 1 depositing R22
17/Jun/2017 07:16:33 3102 info: Base Account - ID 1 deposited R22. Total = R1022
17/Jun/2017 07:21:00 8373 info: Savings Account - ID 1 depositing R22
17/Jun/2017 07:21:00 8420 info: Base Account - ID 1 deposited R22. Total = R1022
17/Jun/2017 07:21:18 2360 info: Savings Account - ID 1 depositing R22
17/Jun/2017 07:21:18 2402 info: Base Account - ID 1 deposited R22. Total = R1022
17/Jun/2017 07:21:18 2409 info: Savings Account - ID 1 withdrawing R10
17/Jun/2017 07:21:18 2412 info: Base Account - ID 1 withdrew R10. Total = R1012
